0 info it worked if it ends with ok
1 verbose cli [ '/home/ubuntu/.nvm/versions/node/v4.7.3/bin/node',
1 verbose cli   '/home/ubuntu/.nvm/versions/node/v4.7.3/bin/npm',
1 verbose cli   'install',
1 verbose cli   'another-sass-interface-framework' ]
2 info using npm@2.15.11
3 info using node@v4.7.3
4 verbose install initial load of /home/ubuntu/workspace/wp-content/themes/bootsmooth-wordpress/package.json
5 warn package.json bootsmooth-wordpress@4.0.0 No repository field.
6 verbose installManyTop reading scoped package data from /home/ubuntu/workspace/wp-content/themes/bootsmooth-wordpress/node_modules/another-sass-interface-framework/package.json
7 verbose installManyTop reading scoped package data from /home/ubuntu/workspace/wp-content/themes/bootsmooth-wordpress/node_modules/babel-preset-es2015/package.json
8 verbose installManyTop reading scoped package data from /home/ubuntu/workspace/wp-content/themes/bootsmooth-wordpress/node_modules/babelify/package.json
9 verbose installManyTop reading scoped package data from /home/ubuntu/workspace/wp-content/themes/bootsmooth-wordpress/node_modules/browserify/package.json
10 verbose installManyTop reading scoped package data from /home/ubuntu/workspace/wp-content/themes/bootsmooth-wordpress/node_modules/gulp/package.json
11 verbose installManyTop reading scoped package data from /home/ubuntu/workspace/wp-content/themes/bootsmooth-wordpress/node_modules/gulp-babel/package.json
12 verbose installManyTop reading scoped package data from /home/ubuntu/workspace/wp-content/themes/bootsmooth-wordpress/node_modules/gulp-concat/package.json
13 verbose installManyTop reading scoped package data from /home/ubuntu/workspace/wp-content/themes/bootsmooth-wordpress/node_modules/gulp-connect/package.json
14 verbose installManyTop reading scoped package data from /home/ubuntu/workspace/wp-content/themes/bootsmooth-wordpress/node_modules/gulp-csso/package.json
15 verbose installManyTop reading scoped package data from /home/ubuntu/workspace/wp-content/themes/bootsmooth-wordpress/node_modules/gulp-rename/package.json
16 verbose installManyTop reading scoped package data from /home/ubuntu/workspace/wp-content/themes/bootsmooth-wordpress/node_modules/gulp-sass/package.json
17 verbose installManyTop reading scoped package data from /home/ubuntu/workspace/wp-content/themes/bootsmooth-wordpress/node_modules/gulp-uglify/package.json
18 verbose installManyTop reading scoped package data from /home/ubuntu/workspace/wp-content/themes/bootsmooth-wordpress/node_modules/jquery/package.json
19 verbose installManyTop reading scoped package data from /home/ubuntu/workspace/wp-content/themes/bootsmooth-wordpress/node_modules/modularscale-sass/package.json
20 verbose installManyTop reading scoped package data from /home/ubuntu/workspace/wp-content/themes/bootsmooth-wordpress/node_modules/vinyl-source-stream/package.json
21 info package.json gulp-rename@1.2.2 No license field.
22 verbose readDependencies loading dependencies from /home/ubuntu/workspace/wp-content/themes/bootsmooth-wordpress/package.json
23 verbose install another-sass-interface-framework is installed as 3.2.0
24 silly cache add args [ 'another-sass-interface-framework', null ]
25 verbose cache add spec another-sass-interface-framework
26 silly cache add parsed spec Result {
26 silly cache add   raw: 'another-sass-interface-framework',
26 silly cache add   scope: null,
26 silly cache add   name: 'another-sass-interface-framework',
26 silly cache add   rawSpec: '',
26 silly cache add   spec: 'latest',
26 silly cache add   type: 'tag' }
27 silly addNamed another-sass-interface-framework@latest
28 verbose addNamed "latest" is being treated as a dist-tag for another-sass-interface-framework
29 info addNameTag [ 'another-sass-interface-framework', 'latest' ]
30 silly mapToRegistry name another-sass-interface-framework
31 silly mapToRegistry using default registry
32 silly mapToRegistry registry https://registry.npmjs.org/
33 silly mapToRegistry data Result {
33 silly mapToRegistry   raw: 'another-sass-interface-framework',
33 silly mapToRegistry   scope: null,
33 silly mapToRegistry   name: 'another-sass-interface-framework',
33 silly mapToRegistry   rawSpec: '',
33 silly mapToRegistry   spec: 'latest',
33 silly mapToRegistry   type: 'tag' }
34 silly mapToRegistry uri https://registry.npmjs.org/another-sass-interface-framework
35 verbose addNameTag registry:https://registry.npmjs.org/another-sass-interface-framework not in flight; fetching
36 verbose request uri https://registry.npmjs.org/another-sass-interface-framework
37 verbose request no auth needed
38 info attempt registry request try #1 at 8:30:55 PM
39 verbose request id d0c4a7a55a26f8b4
40 http request GET https://registry.npmjs.org/another-sass-interface-framework
41 http 404 https://registry.npmjs.org/another-sass-interface-framework
42 verbose headers { 'content-type': 'application/json',
42 verbose headers   'cache-control': 'max-age=0',
42 verbose headers   'content-length': '2',
42 verbose headers   'accept-ranges': 'bytes',
42 verbose headers   date: 'Fri, 07 Jul 2017 20:30:55 GMT',
42 verbose headers   via: '1.1 varnish',
42 verbose headers   age: '0',
42 verbose headers   connection: 'keep-alive',
42 verbose headers   'x-served-by': 'cache-ord1724-ORD',
42 verbose headers   'x-cache': 'MISS',
42 verbose headers   'x-cache-hits': '0',
42 verbose headers   'x-timer': 'S1499459456.532133,VS0,VE117',
42 verbose headers   vary: 'Accept-Encoding' }
43 silly get cb [ 404,
43 silly get   { 'content-type': 'application/json',
43 silly get     'cache-control': 'max-age=0',
43 silly get     'content-length': '2',
43 silly get     'accept-ranges': 'bytes',
43 silly get     date: 'Fri, 07 Jul 2017 20:30:55 GMT',
43 silly get     via: '1.1 varnish',
43 silly get     age: '0',
43 silly get     connection: 'keep-alive',
43 silly get     'x-served-by': 'cache-ord1724-ORD',
43 silly get     'x-cache': 'MISS',
43 silly get     'x-cache-hits': '0',
43 silly get     'x-timer': 'S1499459456.532133,VS0,VE117',
43 silly get     vary: 'Accept-Encoding' } ]
44 verbose stack Error: Registry returned 404 for GET on https://registry.npmjs.org/another-sass-interface-framework
44 verbose stack     at makeError (/home/ubuntu/.nvm/versions/node/v4.7.3/lib/node_modules/npm/node_modules/npm-registry-client/lib/request.js:302:12)
44 verbose stack     at CachingRegistryClient.<anonymous> (/home/ubuntu/.nvm/versions/node/v4.7.3/lib/node_modules/npm/node_modules/npm-registry-client/lib/request.js:280:14)
44 verbose stack     at Request._callback (/home/ubuntu/.nvm/versions/node/v4.7.3/lib/node_modules/npm/node_modules/npm-registry-client/lib/request.js:210:14)
44 verbose stack     at Request.self.callback (/home/ubuntu/.nvm/versions/node/v4.7.3/lib/node_modules/npm/node_modules/request/request.js:187:22)
44 verbose stack     at emitTwo (events.js:87:13)
44 verbose stack     at Request.emit (events.js:172:7)
44 verbose stack     at Request.<anonymous> (/home/ubuntu/.nvm/versions/node/v4.7.3/lib/node_modules/npm/node_modules/request/request.js:1044:10)
44 verbose stack     at emitOne (events.js:77:13)
44 verbose stack     at Request.emit (events.js:169:7)
44 verbose stack     at IncomingMessage.<anonymous> (/home/ubuntu/.nvm/versions/node/v4.7.3/lib/node_modules/npm/node_modules/request/request.js:965:12)
45 verbose statusCode 404
46 verbose pkgid another-sass-interface-framework
47 verbose cwd /home/ubuntu/workspace/wp-content/themes/bootsmooth-wordpress
48 error Linux 4.9.17-c9
49 error argv "/home/ubuntu/.nvm/versions/node/v4.7.3/bin/node" "/home/ubuntu/.nvm/versions/node/v4.7.3/bin/npm" "install" "another-sass-interface-framework"
50 error node v4.7.3
51 error npm  v2.15.11
52 error code E404
53 error 404 Registry returned 404 for GET on https://registry.npmjs.org/another-sass-interface-framework
53 error 404
53 error 404 'another-sass-interface-framework' is not in the npm registry.
53 error 404 You should bug the author to publish it (or use the name yourself!)
53 error 404 It was specified as a dependency of 'bootsmooth-wordpress'
53 error 404
53 error 404 Note that you can also install from a
53 error 404 tarball, folder, http url, or git url.
54 verbose exit [ 1, true ]
